  Utilities.cpp
  TheMain.cpp
c:\users\arauj\documents\fanshawe\exams\gefp_midterm\question_01\themain.cpp(630): warning C4244: 'initializing': conversion from 'std::chrono::system_clock::rep' to 'unsigned int', possible loss of data
  Physics.cpp
  PF_Utils.cpp
c:\users\arauj\documents\fanshawe\exams\gefp_midterm\question_01\pf_utils.cpp(9): warning C4244: 'initializing': conversion from 'float' to 'int', possible loss of data
c:\users\arauj\documents\fanshawe\exams\gefp_midterm\question_01\pf_utils.cpp(10): warning C4244: 'initializing': conversion from 'float' to 'int', possible loss of data
c:\users\arauj\documents\fanshawe\exams\gefp_midterm\question_01\pf_utils.cpp(11): warning C4244: 'return': conversion from 'int' to 'float', possible loss of data
c:\users\arauj\documents\fanshawe\exams\gefp_midterm\question_01\pf_utils.cpp(16): warning C4244: 'initializing': conversion from 'float' to 'int', possible loss of data
c:\users\arauj\documents\fanshawe\exams\gefp_midterm\question_01\pf_utils.cpp(18): warning C4244: 'return': conversion from 'int' to 'float', possible loss of data
c:\users\arauj\documents\fanshawe\exams\gefp_midterm\question_01\pf_utils.cpp(58): warning C4244: '=': conversion from 'float' to 'int', possible loss of data
c:\users\arauj\documents\fanshawe\exams\gefp_midterm\question_01\pf_utils.cpp(59): warning C4244: '=': conversion from 'float' to 'int', possible loss of data
c:\users\arauj\documents\fanshawe\exams\gefp_midterm\question_01\pf_utils.cpp(60): warning C4244: '=': conversion from 'float' to 'int', possible loss of data
c:\users\arauj\documents\fanshawe\exams\gefp_midterm\question_01\pf_utils.cpp(61): warning C4244: '=': conversion from 'float' to 'int', possible loss of data
  cVAOMeshManager.cpp
  cVertex_xyz_rgb.cpp
  cTriangle.cpp
  cGarbage.cpp
  cShaderManager.cpp
  cShader.cpp
  cMesh.cpp
  cLightManager.cpp
  cGameObject.cpp
  cFactory_Imp.cpp
c:\users\arauj\documents\fanshawe\exams\gefp_midterm\question_01\cfactory_imp.cpp(231): warning C4551: function call missing argument list
  cFactory.cpp
  Generating Code...
c:\users\arauj\documents\fanshawe\exams\gefp_midterm\question_01\cvaomeshmanager.cpp(195): warning C4715: 'cVAOMeshManager::lookupVAOFromName': not all control paths return a value
  ModelUtilities.cpp
c:\users\arauj\documents\fanshawe\exams\gefp_midterm\question_01\modelutilities.cpp(53): warning C4101: 'intensity': unreferenced local variable
c:\users\arauj\documents\fanshawe\exams\gefp_midterm\question_01\modelutilities.cpp(53): warning C4101: 'confidence': unreferenced local variable
  glad.c
glfw3.lib(context.obj) : warning LNK4099: PDB 'glfw.pdb' was not found with 'glfw3.lib(context.obj)' or at 'C:\Users\arauj\Documents\Fanshawe\Exams\GEFP_Midterm\Debug\glfw.pdb'; linking object as if no debug info
glfw3.lib(init.obj) : warning LNK4099: PDB 'glfw.pdb' was not found with 'glfw3.lib(init.obj)' or at 'C:\Users\arauj\Documents\Fanshawe\Exams\GEFP_Midterm\Debug\glfw.pdb'; linking object as if no debug info
glfw3.lib(input.obj) : warning LNK4099: PDB 'glfw.pdb' was not found with 'glfw3.lib(input.obj)' or at 'C:\Users\arauj\Documents\Fanshawe\Exams\GEFP_Midterm\Debug\glfw.pdb'; linking object as if no debug info
glfw3.lib(monitor.obj) : warning LNK4099: PDB 'glfw.pdb' was not found with 'glfw3.lib(monitor.obj)' or at 'C:\Users\arauj\Documents\Fanshawe\Exams\GEFP_Midterm\Debug\glfw.pdb'; linking object as if no debug info
glfw3.lib(vulkan.obj) : warning LNK4099: PDB 'glfw.pdb' was not found with 'glfw3.lib(vulkan.obj)' or at 'C:\Users\arauj\Documents\Fanshawe\Exams\GEFP_Midterm\Debug\glfw.pdb'; linking object as if no debug info
glfw3.lib(window.obj) : warning LNK4099: PDB 'glfw.pdb' was not found with 'glfw3.lib(window.obj)' or at 'C:\Users\arauj\Documents\Fanshawe\Exams\GEFP_Midterm\Debug\glfw.pdb'; linking object as if no debug info
glfw3.lib(win32_init.obj) : warning LNK4099: PDB 'glfw.pdb' was not found with 'glfw3.lib(win32_init.obj)' or at 'C:\Users\arauj\Documents\Fanshawe\Exams\GEFP_Midterm\Debug\glfw.pdb'; linking object as if no debug info
glfw3.lib(win32_joystick.obj) : warning LNK4099: PDB 'glfw.pdb' was not found with 'glfw3.lib(win32_joystick.obj)' or at 'C:\Users\arauj\Documents\Fanshawe\Exams\GEFP_Midterm\Debug\glfw.pdb'; linking object as if no debug info
glfw3.lib(win32_monitor.obj) : warning LNK4099: PDB 'glfw.pdb' was not found with 'glfw3.lib(win32_monitor.obj)' or at 'C:\Users\arauj\Documents\Fanshawe\Exams\GEFP_Midterm\Debug\glfw.pdb'; linking object as if no debug info
glfw3.lib(win32_time.obj) : warning LNK4099: PDB 'glfw.pdb' was not found with 'glfw3.lib(win32_time.obj)' or at 'C:\Users\arauj\Documents\Fanshawe\Exams\GEFP_Midterm\Debug\glfw.pdb'; linking object as if no debug info
glfw3.lib(win32_tls.obj) : warning LNK4099: PDB 'glfw.pdb' was not found with 'glfw3.lib(win32_tls.obj)' or at 'C:\Users\arauj\Documents\Fanshawe\Exams\GEFP_Midterm\Debug\glfw.pdb'; linking object as if no debug info
glfw3.lib(win32_window.obj) : warning LNK4099: PDB 'glfw.pdb' was not found with 'glfw3.lib(win32_window.obj)' or at 'C:\Users\arauj\Documents\Fanshawe\Exams\GEFP_Midterm\Debug\glfw.pdb'; linking object as if no debug info
glfw3.lib(wgl_context.obj) : warning LNK4099: PDB 'glfw.pdb' was not found with 'glfw3.lib(wgl_context.obj)' or at 'C:\Users\arauj\Documents\Fanshawe\Exams\GEFP_Midterm\Debug\glfw.pdb'; linking object as if no debug info
glfw3.lib(egl_context.obj) : warning LNK4099: PDB 'glfw.pdb' was not found with 'glfw3.lib(egl_context.obj)' or at 'C:\Users\arauj\Documents\Fanshawe\Exams\GEFP_Midterm\Debug\glfw.pdb'; linking object as if no debug info
  Question_01.vcxproj -> C:\Users\arauj\Documents\Fanshawe\Exams\GEFP_Midterm\Debug\Question_01.exe
